<?xml version="1.0" encoding="UTF-8"?>
<testng-results ignored="0" total="1" passed="1" failed="0" skipped="0">
  <reporter-output>
  </reporter-output>
  <suite started-at="2021-03-02T12:40:35 IST" name="Default suite" finished-at="2021-03-02T12:40:57 IST" duration-ms="21256">
    <groups>
    </groups>
    <test started-at="2021-03-02T12:40:35 IST" name="Default test" finished-at="2021-03-02T12:40:57 IST" duration-ms="21256">
      <class name="files.InterviewQuestion">
        <test-method signature="loginExample()[pri:0, instance:files.InterviewQuestion@6b4a4e18]" started-at="2021-03-02T12:40:35 IST" name="loginExample" finished-at="2021-03-02T12:40:57 IST" duration-ms="21202" status="PASS">
          <reporter-output>
          </reporter-output>
        </test-method> <!-- loginExample -->
      </class> <!-- files.InterviewQuestion -->
    </test> <!-- Default test -->
  </suite> <!-- Default suite -->
</testng-results>
